<?xml version="1.0" encoding="UTF-8"?>
<testsuite xmlns:xsi="http://www.w3.org/2001/XMLSchema-instance" xsi:noNamespaceSchemaLocation="https://maven.apache.org/surefire/maven-surefire-plugin/xsd/surefire-test-report.xsd" name="io.sim.AppTest" time="0.072" tests="1" errors="0" skipped="0" failures="0">
  <properties>
    <property name="sun.desktop" value="windows"/>
    <property name="awt.toolkit" value="sun.awt.windows.WToolkit"/>
    <property name="java.specification.version" value="11"/>
    <property name="sun.cpu.isalist" value="amd64"/>
    <property name="sun.jnu.encoding" value="Cp1252"/>
    <property name="java.class.path" value="C:\Users\marco\Documents\projeto_transito\target\test-classes;C:\Users\marco\Documents\projeto_transito\target\classes;C:\Users\marco\.m2\repository\org\slf4j\slf4j-api\2.0.7\slf4j-api-2.0.7.jar;C:\Users\marco\.m2\repository\xerces\xercesImpl\2.12.2\xercesImpl-2.12.2.jar;C:\Users\marco\.m2\repository\xml-apis\xml-apis\1.4.01\xml-apis-1.4.01.jar;C:\Users\marco\.m2\repository\org\hamcrest\hamcrest-core\1.3\hamcrest-core-1.3.jar;C:\Users\marco\.m2\repository\org\geotools\gt-main\27.0\gt-main-27.0.jar;C:\Users\marco\.m2\repository\junit\junit\4.13.2\junit-4.13.2.jar;C:\Users\marco\.m2\repository\libsumo-1\18\0\libsumo-1.18.0\libsumo-1.18.0\libsumo-1.18.0-libsumo-1.18.0.jar;C:\Users\marco\.m2\repository\org\python\jython-slim\2.7.3\jython-slim-2.7.3.jar;C:\Users\marco\.m2\repository\org\antlr\antlr\3.5.2\antlr-3.5.2.jar;C:\Users\marco\.m2\repository\org\antlr\ST4\4.0.8\ST4-4.0.8.jar;C:\Users\marco\.m2\repository\javax\servlet\javax.servlet-api\3.1.0\javax.servlet-api-3.1.0.jar;C:\Users\marco\.m2\repository\org\antlr\antlr-runtime\3.5.2\antlr-runtime-3.5.2.jar;C:\Users\marco\.m2\repository\org\apache\commons\commons-compress\1.21\commons-compress-1.21.jar;C:\Users\marco\.m2\repository\org\bouncycastle\bcpkix-jdk18on\1.71\bcpkix-jdk18on-1.71.jar;C:\Users\marco\.m2\repository\org\bouncycastle\bcutil-jdk18on\1.71\bcutil-jdk18on-1.71.jar;C:\Users\marco\.m2\repository\org\bouncycastle\bcprov-jdk18on\1.71\bcprov-jdk18on-1.71.jar;C:\Users\marco\.m2\repository\org\ow2\asm\asm\9.3\asm-9.3.jar;C:\Users\marco\.m2\repository\org\ow2\asm\asm-commons\9.3\asm-commons-9.3.jar;C:\Users\marco\.m2\repository\org\ow2\asm\asm-tree\9.3\asm-tree-9.3.jar;C:\Users\marco\.m2\repository\org\ow2\asm\asm-analysis\9.3\asm-analysis-9.3.jar;C:\Users\marco\.m2\repository\org\ow2\asm\asm-util\9.3\asm-util-9.3.jar;C:\Users\marco\.m2\repository\com\google\guava\guava\31.0.1-jre\guava-31.0.1-jre.jar;C:\Users\marco\.m2\repository\com\google\guava\failureaccess\1.0.1\failureaccess-1.0.1.jar;C:\Users\marco\.m2\repository\com\google\guava\listenablefuture\9999.0-empty-to-avoid-conflict-with-guava\listenablefuture-9999.0-empty-to-avoid-conflict-with-guava.jar;C:\Users\marco\.m2\repository\com\google\code\findbugs\jsr305\3.0.2\jsr305-3.0.2.jar;C:\Users\marco\.m2\repository\org\checkerframework\checker-qual\3.12.0\checker-qual-3.12.0.jar;C:\Users\marco\.m2\repository\com\google\errorprone\error_prone_annotations\2.7.1\error_prone_annotations-2.7.1.jar;C:\Users\marco\.m2\repository\com\google\j2objc\j2objc-annotations\1.3\j2objc-annotations-1.3.jar;C:\Users\marco\.m2\repository\com\ibm\icu\icu4j\71.1\icu4j-71.1.jar;C:\Users\marco\.m2\repository\com\carrotsearch\java-sizeof\0.0.5\java-sizeof-0.0.5.jar;C:\Users\marco\.m2\repository\com\github\jnr\jffi\1.3.9\jffi-1.3.9.jar;C:\Users\marco\.m2\repository\com\github\jnr\jnr-constants\0.10.3\jnr-constants-0.10.3.jar;C:\Users\marco\.m2\repository\com\github\jnr\jnr-ffi\2.2.12\jnr-ffi-2.2.12.jar;C:\Users\marco\.m2\repository\com\github\jnr\jffi\1.3.9\jffi-1.3.9-native.jar;C:\Users\marco\.m2\repository\com\github\jnr\jnr-a64asm\1.0.0\jnr-a64asm-1.0.0.jar;C:\Users\marco\.m2\repository\com\github\jnr\jnr-x86asm\1.0.2\jnr-x86asm-1.0.2.jar;C:\Users\marco\.m2\repository\com\github\jnr\jnr-netdb\1.2.0\jnr-netdb-1.2.0.jar;C:\Users\marco\.m2\repository\com\github\jnr\jnr-posix\3.1.15\jnr-posix-3.1.15.jar;C:\Users\marco\.m2\repository\jline\jline\2.14.5\jline-2.14.5.jar;C:\Users\marco\.m2\repository\io\netty\netty-buffer\4.1.73.Final\netty-buffer-4.1.73.Final.jar;C:\Users\marco\.m2\repository\io\netty\netty-codec\4.1.73.Final\netty-codec-4.1.73.Final.jar;C:\Users\marco\.m2\repository\io\netty\netty-common\4.1.73.Final\netty-common-4.1.73.Final.jar;C:\Users\marco\.m2\repository\io\netty\netty-handler\4.1.73.Final\netty-handler-4.1.73.Final.jar;C:\Users\marco\.m2\repository\io\netty\netty-tcnative-classes\2.0.46.Final\netty-tcnative-classes-2.0.46.Final.jar;C:\Users\marco\.m2\repository\io\netty\netty-resolver\4.1.73.Final\netty-resolver-4.1.73.Final.jar;C:\Users\marco\.m2\repository\io\netty\netty-transport\4.1.73.Final\netty-transport-4.1.73.Final.jar;C:\Users\marco\.m2\repository\org\apache\ant\ant\1.10.12\ant-1.10.12.jar;C:\Users\marco\.m2\repository\org\apache\ant\ant-launcher\1.10.12\ant-launcher-1.10.12.jar;C:\Users\marco\.m2\repository\libsumo-1\18\0-sources\libsumo-1.18.0-sources\1.18.0\libsumo-1.18.0-sources-1.18.0.jar;C:\Users\marco\.m2\repository\libtraci-1\18\0\libtraci-1.18.0\1.18.0\libtraci-1.18.0-1.18.0.jar;C:\Users\marco\.m2\repository\lisum-core\lisum-core\1.18.0\lisum-core-1.18.0.jar;C:\Users\marco\.m2\repository\lisum-gui\lisum-gui\1.18.0\lisum-gui-1.18.0.jar;C:\Users\marco\.m2\repository\TraaS\TraaS\1.18.0\TraaS-1.18.0.jar;C:\Users\marco\.m2\repository\junit-4\13\2\junit-4.13.2\4.13.2\junit-4.13.2-4.13.2.jar;C:\Users\marco\.m2\repository\io\oss84\geotools\gt-main\24.2-oss84-1\gt-main-24.2-oss84-1.jar;C:\Users\marco\.m2\repository\io\oss84\geotools\gt-referencing\24.2-oss84-1\gt-referencing-24.2-oss84-1.jar;C:\Users\marco\.m2\repository\org\ejml\ejml-ddense\0.34\ejml-ddense-0.34.jar;C:\Users\marco\.m2\repository\org\ejml\ejml-core\0.34\ejml-core-0.34.jar;C:\Users\marco\.m2\repository\commons-pool\commons-pool\1.5.4\commons-pool-1.5.4.jar;C:\Users\marco\.m2\repository\io\oss84\geotools\gt-metadata\24.2-oss84-1\gt-metadata-24.2-oss84-1.jar;C:\Users\marco\.m2\repository\io\oss84\geotools\gt-opengis\24.2-oss84-1\gt-opengis-24.2-oss84-1.jar;C:\Users\marco\.m2\repository\systems\uom\systems-common\2.0.1\systems-common-2.0.1.jar;C:\Users\marco\.m2\repository\javax\measure\unit-api\2.0\unit-api-2.0.jar;C:\Users\marco\.m2\repository\tech\units\indriya\2.0.2\indriya-2.0.2.jar;C:\Users\marco\.m2\repository\tech\uom\lib\uom-lib-common\2.0\uom-lib-common-2.0.jar;C:\Users\marco\.m2\repository\javax\inject\javax.inject\1\javax.inject-1.jar;C:\Users\marco\.m2\repository\si\uom\si-quantity\2.0.1\si-quantity-2.0.1.jar;C:\Users\marco\.m2\repository\si\uom\si-units\2.0.1\si-units-2.0.1.jar;C:\Users\marco\.m2\repository\jakarta\annotation\jakarta.annotation-api\1.3.4\jakarta.annotation-api-1.3.4.jar;C:\Users\marco\.m2\repository\io\oss84\geotools\ogc\net.opengis.ows\24.2-oss84-1\net.opengis.ows-24.2-oss84-1.jar;C:\Users\marco\.m2\repository\io\oss84\geotools\ogc\org.w3.xlink\24.2-oss84-1\org.w3.xlink-24.2-oss84-1.jar;C:\Users\marco\.m2\repository\org\eclipse\emf\org.eclipse.emf.common\2.15.0\org.eclipse.emf.common-2.15.0.jar;C:\Users\marco\.m2\repository\org\eclipse\emf\org.eclipse.emf.ecore\2.15.0\org.eclipse.emf.ecore-2.15.0.jar;C:\Users\marco\.m2\repository\org\eclipse\emf\org.eclipse.emf.ecore.xmi\2.15.0\org.eclipse.emf.ecore.xmi-2.15.0.jar;C:\Users\marco\.m2\repository\io\oss84\jgridshift\jgridshift-core\1.3\jgridshift-core-1.3.jar;C:\Users\marco\.m2\repository\net\sf\geographiclib\GeographicLib-Java\1.49\GeographicLib-Java-1.49.jar;C:\Users\marco\.m2\repository\org\locationtech\jts\jts-core\1.17.1\jts-core-1.17.1.jar;C:\Users\marco\.m2\repository\org\apache\commons\commons-text\1.6\commons-text-1.6.jar;C:\Users\marco\.m2\repository\org\apache\commons\commons-lang3\3.8.1\commons-lang3-3.8.1.jar;C:\Users\marco\.m2\repository\com\fasterxml\jackson\core\jackson-core\2.10.1\jackson-core-2.10.1.jar;C:\Users\marco\.m2\repository\javax\media\jai_core\1.1.3\jai_core-1.1.3.jar;"/>
    <property name="java.vm.vendor" value="Oracle Corporation"/>
    <property name="sun.arch.data.model" value="64"/>
    <property name="user.variant" value=""/>
    <property name="java.vendor.url" value="https://openjdk.java.net/"/>
    <property name="user.timezone" value="America/Cayenne"/>
    <property name="java.vm.specification.version" value="11"/>
    <property name="os.name" value="Windows 11"/>
    <property name="user.country" value="BR"/>
    <property name="sun.java.launcher" value="SUN_STANDARD"/>
    <property name="sun.boot.library.path" value="C:\Program Files\Java\jdk-11\bin"/>
    <property name="sun.java.command" value="C:\Users\marco\AppData\Local\Temp\surefire3192821757044539041\surefirebooter5191560009374060134.jar C:\Users\marco\AppData\Local\Temp\surefire3192821757044539041 2023-10-17T19-07-59_113-jvmRun1 surefire7544573703002295077tmp surefire_07535679608210060783tmp"/>
    <property name="jdk.debug" value="release"/>
    <property name="test" value="io.sim.AppTest"/>
    <property name="surefire.test.class.path" value="C:\Users\marco\Documents\projeto_transito\target\test-classes;C:\Users\marco\Documents\projeto_transito\target\classes;C:\Users\marco\.m2\repository\org\slf4j\slf4j-api\2.0.7\slf4j-api-2.0.7.jar;C:\Users\marco\.m2\repository\xerces\xercesImpl\2.12.2\xercesImpl-2.12.2.jar;C:\Users\marco\.m2\repository\xml-apis\xml-apis\1.4.01\xml-apis-1.4.01.jar;C:\Users\marco\.m2\repository\org\hamcrest\hamcrest-core\1.3\hamcrest-core-1.3.jar;C:\Users\marco\.m2\repository\org\geotools\gt-main\27.0\gt-main-27.0.jar;C:\Users\marco\.m2\repository\junit\junit\4.13.2\junit-4.13.2.jar;C:\Users\marco\.m2\repository\libsumo-1\18\0\libsumo-1.18.0\libsumo-1.18.0\libsumo-1.18.0-libsumo-1.18.0.jar;C:\Users\marco\.m2\repository\org\python\jython-slim\2.7.3\jython-slim-2.7.3.jar;C:\Users\marco\.m2\repository\org\antlr\antlr\3.5.2\antlr-3.5.2.jar;C:\Users\marco\.m2\repository\org\antlr\ST4\4.0.8\ST4-4.0.8.jar;C:\Users\marco\.m2\repository\javax\servlet\javax.servlet-api\3.1.0\javax.servlet-api-3.1.0.jar;C:\Users\marco\.m2\repository\org\antlr\antlr-runtime\3.5.2\antlr-runtime-3.5.2.jar;C:\Users\marco\.m2\repository\org\apache\commons\commons-compress\1.21\commons-compress-1.21.jar;C:\Users\marco\.m2\repository\org\bouncycastle\bcpkix-jdk18on\1.71\bcpkix-jdk18on-1.71.jar;C:\Users\marco\.m2\repository\org\bouncycastle\bcutil-jdk18on\1.71\bcutil-jdk18on-1.71.jar;C:\Users\marco\.m2\repository\org\bouncycastle\bcprov-jdk18on\1.71\bcprov-jdk18on-1.71.jar;C:\Users\marco\.m2\repository\org\ow2\asm\asm\9.3\asm-9.3.jar;C:\Users\marco\.m2\repository\org\ow2\asm\asm-commons\9.3\asm-commons-9.3.jar;C:\Users\marco\.m2\repository\org\ow2\asm\asm-tree\9.3\asm-tree-9.3.jar;C:\Users\marco\.m2\repository\org\ow2\asm\asm-analysis\9.3\asm-analysis-9.3.jar;C:\Users\marco\.m2\repository\org\ow2\asm\asm-util\9.3\asm-util-9.3.jar;C:\Users\marco\.m2\repository\com\google\guava\guava\31.0.1-jre\guava-31.0.1-jre.jar;C:\Users\marco\.m2\repository\com\google\guava\failureaccess\1.0.1\failureaccess-1.0.1.jar;C:\Users\marco\.m2\repository\com\google\guava\listenablefuture\9999.0-empty-to-avoid-conflict-with-guava\listenablefuture-9999.0-empty-to-avoid-conflict-with-guava.jar;C:\Users\marco\.m2\repository\com\google\code\findbugs\jsr305\3.0.2\jsr305-3.0.2.jar;C:\Users\marco\.m2\repository\org\checkerframework\checker-qual\3.12.0\checker-qual-3.12.0.jar;C:\Users\marco\.m2\repository\com\google\errorprone\error_prone_annotations\2.7.1\error_prone_annotations-2.7.1.jar;C:\Users\marco\.m2\repository\com\google\j2objc\j2objc-annotations\1.3\j2objc-annotations-1.3.jar;C:\Users\marco\.m2\repository\com\ibm\icu\icu4j\71.1\icu4j-71.1.jar;C:\Users\marco\.m2\repository\com\carrotsearch\java-sizeof\0.0.5\java-sizeof-0.0.5.jar;C:\Users\marco\.m2\repository\com\github\jnr\jffi\1.3.9\jffi-1.3.9.jar;C:\Users\marco\.m2\repository\com\github\jnr\jnr-constants\0.10.3\jnr-constants-0.10.3.jar;C:\Users\marco\.m2\repository\com\github\jnr\jnr-ffi\2.2.12\jnr-ffi-2.2.12.jar;C:\Users\marco\.m2\repository\com\github\jnr\jffi\1.3.9\jffi-1.3.9-native.jar;C:\Users\marco\.m2\repository\com\github\jnr\jnr-a64asm\1.0.0\jnr-a64asm-1.0.0.jar;C:\Users\marco\.m2\repository\com\github\jnr\jnr-x86asm\1.0.2\jnr-x86asm-1.0.2.jar;C:\Users\marco\.m2\repository\com\github\jnr\jnr-netdb\1.2.0\jnr-netdb-1.2.0.jar;C:\Users\marco\.m2\repository\com\github\jnr\jnr-posix\3.1.15\jnr-posix-3.1.15.jar;C:\Users\marco\.m2\repository\jline\jline\2.14.5\jline-2.14.5.jar;C:\Users\marco\.m2\repository\io\netty\netty-buffer\4.1.73.Final\netty-buffer-4.1.73.Final.jar;C:\Users\marco\.m2\repository\io\netty\netty-codec\4.1.73.Final\netty-codec-4.1.73.Final.jar;C:\Users\marco\.m2\repository\io\netty\netty-common\4.1.73.Final\netty-common-4.1.73.Final.jar;C:\Users\marco\.m2\repository\io\netty\netty-handler\4.1.73.Final\netty-handler-4.1.73.Final.jar;C:\Users\marco\.m2\repository\io\netty\netty-tcnative-classes\2.0.46.Final\netty-tcnative-classes-2.0.46.Final.jar;C:\Users\marco\.m2\repository\io\netty\netty-resolver\4.1.73.Final\netty-resolver-4.1.73.Final.jar;C:\Users\marco\.m2\repository\io\netty\netty-transport\4.1.73.Final\netty-transport-4.1.73.Final.jar;C:\Users\marco\.m2\repository\org\apache\ant\ant\1.10.12\ant-1.10.12.jar;C:\Users\marco\.m2\repository\org\apache\ant\ant-launcher\1.10.12\ant-launcher-1.10.12.jar;C:\Users\marco\.m2\repository\libsumo-1\18\0-sources\libsumo-1.18.0-sources\1.18.0\libsumo-1.18.0-sources-1.18.0.jar;C:\Users\marco\.m2\repository\libtraci-1\18\0\libtraci-1.18.0\1.18.0\libtraci-1.18.0-1.18.0.jar;C:\Users\marco\.m2\repository\lisum-core\lisum-core\1.18.0\lisum-core-1.18.0.jar;C:\Users\marco\.m2\repository\lisum-gui\lisum-gui\1.18.0\lisum-gui-1.18.0.jar;C:\Users\marco\.m2\repository\TraaS\TraaS\1.18.0\TraaS-1.18.0.jar;C:\Users\marco\.m2\repository\junit-4\13\2\junit-4.13.2\4.13.2\junit-4.13.2-4.13.2.jar;C:\Users\marco\.m2\repository\io\oss84\geotools\gt-main\24.2-oss84-1\gt-main-24.2-oss84-1.jar;C:\Users\marco\.m2\repository\io\oss84\geotools\gt-referencing\24.2-oss84-1\gt-referencing-24.2-oss84-1.jar;C:\Users\marco\.m2\repository\org\ejml\ejml-ddense\0.34\ejml-ddense-0.34.jar;C:\Users\marco\.m2\repository\org\ejml\ejml-core\0.34\ejml-core-0.34.jar;C:\Users\marco\.m2\repository\commons-pool\commons-pool\1.5.4\commons-pool-1.5.4.jar;C:\Users\marco\.m2\repository\io\oss84\geotools\gt-metadata\24.2-oss84-1\gt-metadata-24.2-oss84-1.jar;C:\Users\marco\.m2\repository\io\oss84\geotools\gt-opengis\24.2-oss84-1\gt-opengis-24.2-oss84-1.jar;C:\Users\marco\.m2\repository\systems\uom\systems-common\2.0.1\systems-common-2.0.1.jar;C:\Users\marco\.m2\repository\javax\measure\unit-api\2.0\unit-api-2.0.jar;C:\Users\marco\.m2\repository\tech\units\indriya\2.0.2\indriya-2.0.2.jar;C:\Users\marco\.m2\repository\tech\uom\lib\uom-lib-common\2.0\uom-lib-common-2.0.jar;C:\Users\marco\.m2\repository\javax\inject\javax.inject\1\javax.inject-1.jar;C:\Users\marco\.m2\repository\si\uom\si-quantity\2.0.1\si-quantity-2.0.1.jar;C:\Users\marco\.m2\repository\si\uom\si-units\2.0.1\si-units-2.0.1.jar;C:\Users\marco\.m2\repository\jakarta\annotation\jakarta.annotation-api\1.3.4\jakarta.annotation-api-1.3.4.jar;C:\Users\marco\.m2\repository\io\oss84\geotools\ogc\net.opengis.ows\24.2-oss84-1\net.opengis.ows-24.2-oss84-1.jar;C:\Users\marco\.m2\repository\io\oss84\geotools\ogc\org.w3.xlink\24.2-oss84-1\org.w3.xlink-24.2-oss84-1.jar;C:\Users\marco\.m2\repository\org\eclipse\emf\org.eclipse.emf.common\2.15.0\org.eclipse.emf.common-2.15.0.jar;C:\Users\marco\.m2\repository\org\eclipse\emf\org.eclipse.emf.ecore\2.15.0\org.eclipse.emf.ecore-2.15.0.jar;C:\Users\marco\.m2\repository\org\eclipse\emf\org.eclipse.emf.ecore.xmi\2.15.0\org.eclipse.emf.ecore.xmi-2.15.0.jar;C:\Users\marco\.m2\repository\io\oss84\jgridshift\jgridshift-core\1.3\jgridshift-core-1.3.jar;C:\Users\marco\.m2\repository\net\sf\geographiclib\GeographicLib-Java\1.49\GeographicLib-Java-1.49.jar;C:\Users\marco\.m2\repository\org\locationtech\jts\jts-core\1.17.1\jts-core-1.17.1.jar;C:\Users\marco\.m2\repository\org\apache\commons\commons-text\1.6\commons-text-1.6.jar;C:\Users\marco\.m2\repository\org\apache\commons\commons-lang3\3.8.1\commons-lang3-3.8.1.jar;C:\Users\marco\.m2\repository\com\fasterxml\jackson\core\jackson-core\2.10.1\jackson-core-2.10.1.jar;C:\Users\marco\.m2\repository\javax\media\jai_core\1.1.3\jai_core-1.1.3.jar;"/>
    <property name="sun.cpu.endian" value="little"/>
    <property name="user.home" value="C:\Users\marco"/>
    <property name="user.language" value="pt"/>
    <property name="java.specification.vendor" value="Oracle Corporation"/>
    <property name="java.version.date" value="2023-04-18"/>
    <property name="java.home" value="C:\Program Files\Java\jdk-11"/>
    <property name="file.separator" value="\"/>
    <property name="basedir" value="C:\Users\marco\Documents\projeto_transito"/>
    <property name="java.vm.compressedOopsMode" value="Zero based"/>
    <property name="line.separator" value="&#10;"/>
    <property name="java.specification.name" value="Java Platform API Specification"/>
    <property name="java.vm.specification.vendor" value="Oracle Corporation"/>
    <property name="java.awt.graphicsenv" value="sun.awt.Win32GraphicsEnvironment"/>
    <property name="surefire.real.class.path" value="C:\Users\marco\AppData\Local\Temp\surefire3192821757044539041\surefirebooter5191560009374060134.jar"/>
    <property name="user.script" value=""/>
    <property name="sun.management.compiler" value="HotSpot 64-Bit Tiered Compilers"/>
    <property name="java.runtime.version" value="11.0.19+9-LTS-224"/>
    <property name="user.name" value="marco"/>
    <property name="path.separator" value=";"/>
    <property name="os.version" value="10.0"/>
    <property name="java.runtime.name" value="Java(TM) SE Runtime Environment"/>
    <property name="file.encoding" value="UTF-8"/>
    <property name="java.vm.name" value="Java HotSpot(TM) 64-Bit Server VM"/>
    <property name="java.vendor.version" value="18.9"/>
    <property name="maven.ext.class.path" value="C:\Program Files\NetBeans-19\netbeans\java\maven-nblib\netbeans-eventspy.jar"/>
    <property name="localRepository" value="C:\Users\marco\.m2\repository"/>
    <property name="java.vendor.url.bug" value="https://bugreport.java.com/bugreport/"/>
    <property name="java.io.tmpdir" value="C:\Users\marco\AppData\Local\Temp\"/>
    <property name="java.version" value="11.0.19"/>
    <property name="user.dir" value="C:\Users\marco\Documents\projeto_transito"/>
    <property name="os.arch" value="amd64"/>
    <property name="java.vm.specification.name" value="Java Virtual Machine Specification"/>
    <property name="java.awt.printerjob" value="sun.awt.windows.WPrinterJob"/>
    <property name="sun.os.patch.level" value=""/>
    <property name="java.library.path" value="C:\Program Files\Java\jdk-11\bin;C:\WINDOWS\Sun\Java\bin;C:\WINDOWS\system32;C:\WINDOWS;E:\app\marco\product\21c\dbhomeXE\bin;C:\Program Files\Common Files\Oracle\Java\javapath;C:\Program Files (x86)\Common Files\Oracle\Java\javapath;C:\WINDOWS\system32;C:\WINDOWS;C:\WINDOWS\System32\Wbem;C:\WINDOWS\System32\WindowsPowerShell\v1.0\;C:\WINDOWS\System32\OpenSSH\;C:\Program Files\PuTTY\;C:\Program Files (x86)\Intel\Intel(R) Management Engine Components\DAL;C:\Program Files\Intel\Intel(R) Management Engine Components\DAL;C:\Program Files\dotnet\;C:\MinGW\bin;E:\pythpn;E:\pythpn\Scripts;C:\Program Files (x86)\Eclipse\Sumo\bin\;C:\Program Files (x86)\Eclipse\Sumo\tools\;C:\Users\marco\AppData\Local\Microsoft\WindowsApps;C:\Users\marco\AppData\Local\Programs\Microsoft VS Code\bin;C:\Program Files (x86)\Nmap;C:\apache-maven-3.9.4\bin;;."/>
    <property name="java.vendor" value="Oracle Corporation"/>
    <property name="java.vm.info" value="mixed mode"/>
    <property name="java.vm.version" value="11.0.19+9-LTS-224"/>
    <property name="sun.io.unicode.encoding" value="UnicodeLittle"/>
    <property name="java.class.version" value="55.0"/>
  </properties>
  <testcase name="shouldAnswerWithTrue" classname="io.sim.AppTest" time="0.004"/>
</testsuite>